<?xml version="1.0" encoding="UTF-8"?>
<!-- Generated by org.testng.reporters.JUnitReportReporter -->
<testsuite skipped="0" hostname="DESKTOP-O06THGR" name="maven_demo_project.Maven1" tests="1" failures="0" timestamp="19 Jul 2017 15:04:19 GMT" time="0.010" errors="0">
  <testcase name="method1" time="0.010" classname="maven_demo_project.Maven1"/>
</testsuite> <!-- maven_demo_project.Maven1 -->
