<?xml version="1.0" encoding="UTF-8"?>
<!-- Generated by org.testng.reporters.JUnitReportReporter -->
<testsuite skipped="0" hostname="DESKTOP-O06THGR" name="maven_demo_project.NewTest" tests="3" failures="0" timestamp="19 Jul 2017 15:04:19 GMT" time="0.027" errors="0">
  <testcase name="m3" time="0.002" classname="maven_demo_project.NewTest"/>
  <testcase name="m1" time="0.020" classname="maven_demo_project.NewTest"/>
  <testcase name="m2" time="0.005" classname="maven_demo_project.NewTest"/>
</testsuite> <!-- maven_demo_project.NewTest -->
